init enclave...
[33m[INFO] Create Enclave: 7868.792127ms[0m
sizeof data: 390.625000 MB

Time of nth_element: 6996.830142ms
nth_element: 2145338110

Loaded Dim: 23147600
Time of min_heap: 751.325433ms
nth_element: 2145338110

Time of nth outof enclave: 1811.520608ms
nth_element: 1023748258


init enclave...
[33m[INFO] Create Enclave: 7899.464994ms[0m
sizeof data: 390.625000 MB

Time of nth_element: 6478.014498ms
nth_element: 2145328960

Loaded Dim: 23147600
Time of min_heap: 749.363131ms
nth_element: 2145328960

Time of nth outof enclave: 920.136883ms
nth_element: 1873124488


init enclave...
[33m[INFO] Create Enclave: 7876.424172ms[0m
sizeof data: 390.625000 MB

Time of nth_element: 7585.977553ms
nth_element: 2145344448

Loaded Dim: 23147600
Time of min_heap: 749.869094ms
nth_element: 2145344448

Time of nth outof enclave: 1972.531903ms
nth_element: 38944347


init enclave...
[33m[INFO] Create Enclave: 7878.563313ms[0m
sizeof data: 390.625000 MB

Time of nth_element: 5830.280427ms
nth_element: 2145330799

Loaded Dim: 23147600
Time of min_heap: 755.252950ms
nth_element: 2145330799

Time of nth outof enclave: 1183.859814ms
nth_element: 306113627


init enclave...
[33m[INFO] Create Enclave: 7862.110501ms[0m
sizeof data: 390.625000 MB

Time of nth_element: 6379.320922ms
nth_element: 2145347343

Loaded Dim: 23147600
Time of min_heap: 750.637254ms
nth_element: 2145347343

Time of nth outof enclave: 1181.998338ms
nth_element: 1103508598


init enclave...
[33m[INFO] Create Enclave: 7904.241346ms[0m
sizeof data: 390.625000 MB

Time of nth_element: 6452.060399ms
nth_element: 2145341530

Loaded Dim: 23147600
Time of min_heap: 751.019872ms
nth_element: 2145341530

Time of nth outof enclave: 2094.033085ms
nth_element: 1293454323


init enclave...
[33m[INFO] Create Enclave: 7890.153506ms[0m
sizeof data: 390.625000 MB

Time of nth_element: 6845.474809ms
nth_element: 2145341376

Loaded Dim: 23147600
Time of min_heap: 749.613962ms
nth_element: 2145341376

Time of nth outof enclave: 707.085924ms
nth_element: 1137122337


init enclave...
[33m[INFO] Create Enclave: 7902.579097ms[0m
sizeof data: 390.625000 MB

Time of nth_element: 5288.673744ms
nth_element: 2145336785

Loaded Dim: 23147600
Time of min_heap: 764.684390ms
nth_element: 2145336785

Time of nth outof enclave: 1451.427212ms
nth_element: 1291948454


init enclave...
[33m[INFO] Create Enclave: 7893.100852ms[0m
sizeof data: 390.625000 MB

Time of nth_element: 7448.752501ms
nth_element: 2145327362

Loaded Dim: 23147600
Time of min_heap: 753.325985ms
nth_element: 2145327362

Time of nth outof enclave: 2675.730491ms
nth_element: 185126519


init enclave...
[33m[INFO] Create Enclave: 7871.309213ms[0m
sizeof data: 390.625000 MB

Time of nth_element: 5035.053038ms
nth_element: 2145335057

Loaded Dim: 23147600
Time of min_heap: 754.250329ms
nth_element: 2145335057

Time of nth outof enclave: 1116.202286ms
nth_element: 2021452768


init enclave...
[33m[INFO] Create Enclave: 7925.309165ms[0m
sizeof data: 390.625000 MB

Time of nth_element: 6375.110595ms
nth_element: 2145326287

Loaded Dim: 23147600
Time of min_heap: 758.352457ms
nth_element: 2145326287

Time of nth outof enclave: 1107.505100ms
nth_element: 1557000174


init enclave...
[33m[INFO] Create Enclave: 7927.069164ms[0m
sizeof data: 390.625000 MB

Time of nth_element: 6164.337544ms
nth_element: 2145345617

Loaded Dim: 23147600
Time of min_heap: 749.146739ms
nth_element: 2145345617

Time of nth outof enclave: 2599.789292ms
nth_element: 778740371


init enclave...
[33m[INFO] Create Enclave: 7893.575910ms[0m
sizeof data: 390.625000 MB

Time of nth_element: 4946.832167ms
nth_element: 2145333716

Loaded Dim: 23147600
Time of min_heap: 749.487846ms
nth_element: 2145333716

Time of nth outof enclave: 1983.475555ms
nth_element: 1784456764


init enclave...
[33m[INFO] Create Enclave: 7916.594108ms[0m
sizeof data: 390.625000 MB

Time of nth_element: 5543.957768ms
nth_element: 2145341056

Loaded Dim: 23147600
Time of min_heap: 750.957177ms
nth_element: 2145341056

Time of nth outof enclave: 1367.378238ms
nth_element: 75288821


init enclave...
[33m[INFO] Create Enclave: 7906.886945ms[0m
sizeof data: 390.625000 MB

Time of nth_element: 6238.042975ms
nth_element: 2145341912

Loaded Dim: 23147600
Time of min_heap: 750.133414ms
nth_element: 2145341912

Time of nth outof enclave: 1815.146443ms
nth_element: 1691960347


init enclave...
[33m[INFO] Create Enclave: 7873.354290ms[0m
sizeof data: 390.625000 MB

Time of nth_element: 7516.558656ms
nth_element: 2145339343

Loaded Dim: 23147600
Time of min_heap: 749.900847ms
nth_element: 2145339343

Time of nth outof enclave: 1623.420931ms
nth_element: 1600010948


init enclave...
[33m[INFO] Create Enclave: 7833.105885ms[0m
sizeof data: 390.625000 MB

Time of nth_element: 6038.677301ms
nth_element: 2145340879

Loaded Dim: 23147600
Time of min_heap: 757.294694ms
nth_element: 2145340879

Time of nth outof enclave: 2164.071618ms
nth_element: 660100924


init enclave...
[33m[INFO] Create Enclave: 7894.986065ms[0m
sizeof data: 390.625000 MB

Time of nth_element: 5830.351217ms
nth_element: 2145331082

Loaded Dim: 23147600
Time of min_heap: 750.155822ms
nth_element: 2145331082

Time of nth outof enclave: 2014.866190ms
nth_element: 1016715167


init enclave...
[33m[INFO] Create Enclave: 7906.080233ms[0m
sizeof data: 390.625000 MB

Time of nth_element: 4687.966927ms
nth_element: 2145331405

Loaded Dim: 23147600
Time of min_heap: 753.237763ms
nth_element: 2145331405

Time of nth outof enclave: 1036.217846ms
nth_element: 531661405


init enclave...
[33m[INFO] Create Enclave: 7890.979059ms[0m
sizeof data: 390.625000 MB

Time of nth_element: 5280.443165ms
nth_element: 2145328239

Loaded Dim: 23147600
Time of min_heap: 752.520086ms
nth_element: 2145328239

Time of nth outof enclave: 1565.354255ms
nth_element: 5691855


init enclave...
[33m[INFO] Create Enclave: 7847.853456ms[0m
sizeof data: 390.625000 MB

Time of nth_element: 4432.941354ms
nth_element: 2145334521

Loaded Dim: 23147600
Time of min_heap: 751.925167ms
nth_element: 2145334521

Time of nth outof enclave: 748.524892ms
nth_element: 1681681477


init enclave...
[33m[INFO] Create Enclave: 7933.712194ms[0m
sizeof data: 390.625000 MB

Time of nth_element: 6153.899066ms
nth_element: 2145340570

Loaded Dim: 23147600
Time of min_heap: 756.973399ms
nth_element: 2145340570

Time of nth outof enclave: 1576.150627ms
nth_element: 1131931514


init enclave...
[33m[INFO] Create Enclave: 7890.807294ms[0m
sizeof data: 390.625000 MB

Time of nth_element: 6358.275325ms
nth_element: 2145332177

Loaded Dim: 23147600
Time of min_heap: 751.383527ms
nth_element: 2145332177

Time of nth outof enclave: 2191.099176ms
nth_element: 2020991471


init enclave...
[33m[INFO] Create Enclave: 7940.182193ms[0m
sizeof data: 390.625000 MB

Time of nth_element: 6377.756254ms
nth_element: 2145329083

Loaded Dim: 23147600
Time of min_heap: 750.140563ms
nth_element: 2145329083

Time of nth outof enclave: 1523.108283ms
nth_element: 164060559


init enclave...
[33m[INFO] Create Enclave: 7858.939320ms[0m
sizeof data: 390.625000 MB

Time of nth_element: 7353.686040ms
nth_element: 2145336467

Loaded Dim: 23147600
Time of min_heap: 749.502775ms
nth_element: 2145336467

Time of nth outof enclave: 1881.353493ms
nth_element: 1709544591


init enclave...
[33m[INFO] Create Enclave: 7891.780632ms[0m
sizeof data: 390.625000 MB

Time of nth_element: 4913.981566ms
nth_element: 2145343970

Loaded Dim: 23147600
Time of min_heap: 754.191800ms
nth_element: 2145343970

Time of nth outof enclave: 1657.482342ms
nth_element: 988304704


init enclave...
[33m[INFO] Create Enclave: 7930.452997ms[0m
sizeof data: 390.625000 MB

Time of nth_element: 4956.348323ms
nth_element: 2145333601

Loaded Dim: 23147600
Time of min_heap: 748.037571ms
nth_element: 2145333601

Time of nth outof enclave: 1345.200594ms
nth_element: 1592641144


init enclave...
[33m[INFO] Create Enclave: 7936.015479ms[0m
sizeof data: 390.625000 MB

Time of nth_element: 6424.823538ms
nth_element: 2145331035

Loaded Dim: 23147600
Time of min_heap: 776.667874ms
nth_element: 2145331035

Time of nth outof enclave: 1573.696102ms
nth_element: 1320015269


init enclave...
[33m[INFO] Create Enclave: 7905.356687ms[0m
sizeof data: 390.625000 MB

Time of nth_element: 4863.836295ms
nth_element: 2145333907

Loaded Dim: 23147600
Time of min_heap: 762.165328ms
nth_element: 2145333907

Time of nth outof enclave: 1117.743173ms
nth_element: 1527630266


init enclave...
[33m[INFO] Create Enclave: 7884.452343ms[0m
sizeof data: 390.625000 MB

Time of nth_element: 6530.253381ms
nth_element: 2145334667

Loaded Dim: 23147600
Time of min_heap: 751.701546ms
nth_element: 2145334667

Time of nth outof enclave: 1461.900525ms
nth_element: 1580792892


init enclave...
[33m[INFO] Create Enclave: 7909.138436ms[0m
sizeof data: 390.625000 MB

Time of nth_element: 5277.081031ms
nth_element: 2145347613

Loaded Dim: 23147600
Time of min_heap: 751.731634ms
nth_element: 2145347613

Time of nth outof enclave: 2087.479708ms
nth_element: 1904318013


init enclave...
[33m[INFO] Create Enclave: 7878.729081ms[0m
sizeof data: 390.625000 MB

Time of nth_element: 5302.521483ms
nth_element: 2145340015

Loaded Dim: 23147600
Time of min_heap: 760.399996ms
nth_element: 2145340015

Time of nth outof enclave: 2790.749091ms
nth_element: 2012461632


init enclave...
[33m[INFO] Create Enclave: 7895.868873ms[0m
sizeof data: 390.625000 MB

Time of nth_element: 7612.784045ms
nth_element: 2145344466

Loaded Dim: 23147600
Time of min_heap: 747.796957ms
nth_element: 2145344466

Time of nth outof enclave: 2022.343039ms
nth_element: 468093094


init enclave...
[33m[INFO] Create Enclave: 7905.841351ms[0m
sizeof data: 390.625000 MB

Time of nth_element: 7988.256183ms
nth_element: 2145340157

Loaded Dim: 23147600
Time of min_heap: 753.661329ms
nth_element: 2145340157

Time of nth outof enclave: 1894.371000ms
nth_element: 137470574


init enclave...
[33m[INFO] Create Enclave: 7907.082202ms[0m
sizeof data: 390.625000 MB

Time of nth_element: 6054.304812ms
nth_element: 2145336227

Loaded Dim: 23147600
Time of min_heap: 753.123390ms
nth_element: 2145336227

Time of nth outof enclave: 2168.215121ms
nth_element: 673894961


init enclave...
[33m[INFO] Create Enclave: 7901.782320ms[0m
sizeof data: 390.625000 MB

Time of nth_element: 6637.257154ms
nth_element: 2145331690

Loaded Dim: 23147600
Time of min_heap: 751.200002ms
nth_element: 2145331690

Time of nth outof enclave: 2084.197474ms
nth_element: 818050713


init enclave...
[33m[INFO] Create Enclave: 7904.198332ms[0m
sizeof data: 390.625000 MB

Time of nth_element: 6412.519033ms
nth_element: 2145339516

Loaded Dim: 23147600
Time of min_heap: 749.364584ms
nth_element: 2145339516

Time of nth outof enclave: 1703.741468ms
nth_element: 463616733


init enclave...
[33m[INFO] Create Enclave: 7874.855801ms[0m
sizeof data: 390.625000 MB

Time of nth_element: 5909.174347ms
nth_element: 2145328991

Loaded Dim: 23147600
Time of min_heap: 748.039217ms
nth_element: 2145328991

Time of nth outof enclave: 1409.293730ms
nth_element: 2058728043


init enclave...
[33m[INFO] Create Enclave: 7877.520511ms[0m
sizeof data: 390.625000 MB

Time of nth_element: 5536.556534ms
nth_element: 2145332510

Loaded Dim: 23147600
Time of min_heap: 755.042637ms
nth_element: 2145332510

Time of nth outof enclave: 1983.464089ms
nth_element: 969394379


init enclave...
[33m[INFO] Create Enclave: 7868.357793ms[0m
sizeof data: 390.625000 MB

Time of nth_element: 6130.293819ms
nth_element: 2145341803

Loaded Dim: 23147600
Time of min_heap: 751.666310ms
nth_element: 2145341803

Time of nth outof enclave: 2309.149166ms
nth_element: 1092591013


init enclave...
[33m[INFO] Create Enclave: 7887.547616ms[0m
sizeof data: 390.625000 MB

Time of nth_element: 6993.246734ms
nth_element: 2145334550

Loaded Dim: 23147600
Time of min_heap: 752.490269ms
nth_element: 2145334550

Time of nth outof enclave: 1272.421662ms
nth_element: 1116879660


init enclave...
[33m[INFO] Create Enclave: 7884.080554ms[0m
sizeof data: 390.625000 MB

Time of nth_element: 5236.628264ms
nth_element: 2145334598

Loaded Dim: 23147600
Time of min_heap: 753.252781ms
nth_element: 2145334598

Time of nth outof enclave: 1390.669041ms
nth_element: 1886618140


init enclave...
[33m[INFO] Create Enclave: 7905.084284ms[0m
sizeof data: 390.625000 MB

Time of nth_element: 5494.498316ms
nth_element: 2145343451

Loaded Dim: 23147600
Time of min_heap: 754.124241ms
nth_element: 2145343451

Time of nth outof enclave: 1562.116170ms
nth_element: 1205882541


init enclave...
[33m[INFO] Create Enclave: 7932.171767ms[0m
sizeof data: 390.625000 MB

Time of nth_element: 6979.686865ms
nth_element: 2145335349

Loaded Dim: 23147600
Time of min_heap: 749.085232ms
nth_element: 2145335349

Time of nth outof enclave: 2370.308799ms
nth_element: 1473282594


init enclave...
[33m[INFO] Create Enclave: 7886.222249ms[0m
sizeof data: 390.625000 MB

Time of nth_element: 5883.543426ms
nth_element: 2145331331

Loaded Dim: 23147600
Time of min_heap: 751.367044ms
nth_element: 2145331331

Time of nth outof enclave: 1551.554353ms
nth_element: 1747571740


init enclave...
[33m[INFO] Create Enclave: 7858.378958ms[0m
sizeof data: 390.625000 MB

Time of nth_element: 8271.323228ms
nth_element: 2145348124

Loaded Dim: 23147600
Time of min_heap: 750.384353ms
nth_element: 2145348124

Time of nth outof enclave: 3067.690598ms
nth_element: 2131357024


init enclave...
[33m[INFO] Create Enclave: 7903.280120ms[0m
sizeof data: 390.625000 MB

Time of nth_element: 6371.144763ms
nth_element: 2145335210

Loaded Dim: 23147600
Time of min_heap: 758.670236ms
nth_element: 2145335210

Time of nth outof enclave: 1867.131066ms
nth_element: 1552599990


init enclave...
[33m[INFO] Create Enclave: 7859.582427ms[0m
sizeof data: 390.625000 MB

Time of nth_element: 6574.930121ms
nth_element: 2145338655

Loaded Dim: 23147600
Time of min_heap: 752.806410ms
nth_element: 2145338655

Time of nth outof enclave: 2485.219124ms
nth_element: 1568299514


init enclave...
[33m[INFO] Create Enclave: 7955.540404ms[0m
sizeof data: 390.625000 MB

Time of nth_element: 6181.739962ms
nth_element: 2145337079

Loaded Dim: 23147600
Time of min_heap: 772.357433ms
nth_element: 2145337079

Time of nth outof enclave: 2038.429661ms
nth_element: 1088328719


init enclave...
[33m[INFO] Create Enclave: 7909.716372ms[0m
sizeof data: 390.625000 MB

Time of nth_element: 6063.702565ms
nth_element: 2145332188

Loaded Dim: 23147600
Time of min_heap: 751.129930ms
nth_element: 2145332188

Time of nth outof enclave: 2038.571870ms
nth_element: 389011612


init enclave...
[33m[INFO] Create Enclave: 7856.148409ms[0m
sizeof data: 390.625000 MB

Time of nth_element: 5816.879505ms
nth_element: 2145332850

Loaded Dim: 23147600
Time of min_heap: 757.791497ms
nth_element: 2145332850

Time of nth outof enclave: 1667.249286ms
nth_element: 680125846


init enclave...
[33m[INFO] Create Enclave: 7881.520321ms[0m
sizeof data: 390.625000 MB

Time of nth_element: 7444.003591ms
nth_element: 2145343649

Loaded Dim: 23147600
Time of min_heap: 751.691789ms
nth_element: 2145343649

Time of nth outof enclave: 1972.809419ms
nth_element: 653350532


init enclave...
[33m[INFO] Create Enclave: 7905.484198ms[0m
sizeof data: 390.625000 MB

Time of nth_element: 6233.818274ms
nth_element: 2145337762

Loaded Dim: 23147600
Time of min_heap: 751.898759ms
nth_element: 2145337762

Time of nth outof enclave: 2285.947652ms
nth_element: 2118416261


init enclave...
[33m[INFO] Create Enclave: 7866.033452ms[0m
sizeof data: 390.625000 MB

Time of nth_element: 6490.919859ms
nth_element: 2145335925

Loaded Dim: 23147600
Time of min_heap: 748.761056ms
nth_element: 2145335925

Time of nth outof enclave: 1857.554473ms
nth_element: 757033222


init enclave...
[33m[INFO] Create Enclave: 7877.098808ms[0m
sizeof data: 390.625000 MB

Time of nth_element: 4748.645660ms
nth_element: 2145334657

Loaded Dim: 23147600
Time of min_heap: 749.747449ms
nth_element: 2145334657

Time of nth outof enclave: 1016.438450ms
nth_element: 1691179360


init enclave...
[33m[INFO] Create Enclave: 7848.329046ms[0m
sizeof data: 390.625000 MB

Time of nth_element: 5089.777769ms
nth_element: 2145332013

Loaded Dim: 23147600
Time of min_heap: 749.835050ms
nth_element: 2145332013

Time of nth outof enclave: 1350.411652ms
nth_element: 777717287


init enclave...
[33m[INFO] Create Enclave: 7828.554084ms[0m
sizeof data: 390.625000 MB

Time of nth_element: 4781.179417ms
nth_element: 2145326502

Loaded Dim: 23147600
Time of min_heap: 749.982324ms
nth_element: 2145326502

Time of nth outof enclave: 1204.979995ms
nth_element: 188721773


init enclave...
[33m[INFO] Create Enclave: 7885.360908ms[0m
sizeof data: 390.625000 MB

Time of nth_element: 7060.140012ms
nth_element: 2145334600

Loaded Dim: 23147600
Time of min_heap: 762.637078ms
nth_element: 2145334600

Time of nth outof enclave: 1737.172075ms
nth_element: 609431636


init enclave...
[33m[INFO] Create Enclave: 7900.984605ms[0m
sizeof data: 390.625000 MB

Time of nth_element: 7565.941141ms
nth_element: 2145344606

Loaded Dim: 23147600
Time of min_heap: 867.536775ms
nth_element: 2145344606

Time of nth outof enclave: 2007.243794ms
nth_element: 418021789


init enclave...
[33m[INFO] Create Enclave: 7870.815264ms[0m
sizeof data: 390.625000 MB

Time of nth_element: 5705.814397ms
nth_element: 2145332653

Loaded Dim: 23147600
Time of min_heap: 752.669736ms
nth_element: 2145332653

Time of nth outof enclave: 2605.409129ms
nth_element: 671827044


init enclave...
[33m[INFO] Create Enclave: 7907.763863ms[0m
sizeof data: 390.625000 MB

Time of nth_element: 7219.263654ms
nth_element: 2145334547

Loaded Dim: 23147600
Time of min_heap: 756.816903ms
nth_element: 2145334547

Time of nth outof enclave: 2244.713383ms
nth_element: 648090640


init enclave...
[33m[INFO] Create Enclave: 7882.520828ms[0m
sizeof data: 390.625000 MB

Time of nth_element: 4843.002981ms
nth_element: 2145334230

Loaded Dim: 23147600
Time of min_heap: 750.857355ms
nth_element: 2145334230

Time of nth outof enclave: 2132.152691ms
nth_element: 856066138


init enclave...
[33m[INFO] Create Enclave: 7878.212721ms[0m
sizeof data: 390.625000 MB

Time of nth_element: 6220.060064ms
nth_element: 2145340655

Loaded Dim: 23147600
Time of min_heap: 754.775322ms
nth_element: 2145340655

Time of nth outof enclave: 3133.255197ms
nth_element: 156989255


init enclave...
[33m[INFO] Create Enclave: 7909.454381ms[0m
sizeof data: 390.625000 MB

Time of nth_element: 6351.537401ms
nth_element: 2145333711

Loaded Dim: 23147600
Time of min_heap: 751.962623ms
nth_element: 2145333711

Time of nth outof enclave: 1815.411045ms
nth_element: 2137405171


init enclave...
[33m[INFO] Create Enclave: 7869.141006ms[0m
sizeof data: 390.625000 MB

Time of nth_element: 6085.500749ms
nth_element: 2145340931

Loaded Dim: 23147600
Time of min_heap: 751.166177ms
nth_element: 2145340931

Time of nth outof enclave: 2674.842841ms
nth_element: 2031577194


init enclave...
[33m[INFO] Create Enclave: 7877.114145ms[0m
sizeof data: 390.625000 MB

Time of nth_element: 6100.579440ms
nth_element: 2145339100

Loaded Dim: 23147600
Time of min_heap: 755.947772ms
nth_element: 2145339100

Time of nth outof enclave: 2365.140136ms
nth_element: 380545214


init enclave...
[33m[INFO] Create Enclave: 7838.266848ms[0m
sizeof data: 390.625000 MB

Time of nth_element: 6194.174744ms
nth_element: 2145317767

Loaded Dim: 23147600
Time of min_heap: 752.665889ms
nth_element: 2145317767

Time of nth outof enclave: 2281.502570ms
nth_element: 1075739819


init enclave...
[33m[INFO] Create Enclave: 7851.299369ms[0m
sizeof data: 390.625000 MB

Time of nth_element: 5688.148747ms
nth_element: 2145334773

Loaded Dim: 23147600
Time of min_heap: 754.866289ms
nth_element: 2145334773

Time of nth outof enclave: 864.468740ms
nth_element: 885326404


init enclave...
[33m[INFO] Create Enclave: 7901.301552ms[0m
sizeof data: 390.625000 MB

Time of nth_element: 6796.656335ms
nth_element: 2145339815

Loaded Dim: 23147600
Time of min_heap: 748.537615ms
nth_element: 2145339815

Time of nth outof enclave: 2392.682751ms
nth_element: 1804645128


init enclave...
[33m[INFO] Create Enclave: 7912.563179ms[0m
sizeof data: 390.625000 MB

Time of nth_element: 5584.724005ms
nth_element: 2145330517

Loaded Dim: 23147600
Time of min_heap: 753.032897ms
nth_element: 2145330517

Time of nth outof enclave: 2707.391951ms
nth_element: 900410343


init enclave...
[33m[INFO] Create Enclave: 7866.386375ms[0m
sizeof data: 390.625000 MB

Time of nth_element: 6329.470680ms
nth_element: 2145334582

Loaded Dim: 23147600
Time of min_heap: 751.610753ms
nth_element: 2145334582

Time of nth outof enclave: 1621.376155ms
nth_element: 870146824


init enclave...
[33m[INFO] Create Enclave: 7896.569586ms[0m
sizeof data: 390.625000 MB

Time of nth_element: 7201.310002ms
nth_element: 2145334263

Loaded Dim: 23147600
Time of min_heap: 749.403833ms
nth_element: 2145334263

Time of nth outof enclave: 1911.667194ms
nth_element: 442563954


init enclave...
[33m[INFO] Create Enclave: 7838.178544ms[0m
sizeof data: 390.625000 MB

Time of nth_element: 7247.957030ms
nth_element: 2145346363

Loaded Dim: 23147600
Time of min_heap: 757.883516ms
nth_element: 2145346363

Time of nth outof enclave: 1873.489488ms
nth_element: 1863055200


init enclave...
[33m[INFO] Create Enclave: 7936.854197ms[0m
sizeof data: 390.625000 MB

Time of nth_element: 5133.732775ms
nth_element: 2145333217

Loaded Dim: 23147600
Time of min_heap: 749.584643ms
nth_element: 2145333217

Time of nth outof enclave: 1219.661076ms
nth_element: 1034161624


init enclave...
[33m[INFO] Create Enclave: 7870.390077ms[0m
sizeof data: 390.625000 MB

Time of nth_element: 5106.566131ms
nth_element: 2145337889

Loaded Dim: 23147600
Time of min_heap: 751.259459ms
nth_element: 2145337889

Time of nth outof enclave: 2494.048965ms
nth_element: 433929231


